<?xml version="1.0" encoding="UTF-8"?>
<testng-results ignored="0" total="2" passed="2" failed="0" skipped="0">
  <reporter-output>
  </reporter-output>
  <suite started-at="2023-10-28T17:52:41 BST" name="Default suite" finished-at="2023-10-28T17:53:12 BST" duration-ms="31421">
    <groups>
    </groups>
    <test started-at="2023-10-28T17:52:41 BST" name="Default test" finished-at="2023-10-28T17:53:12 BST" duration-ms="31421">
      <class name="testCases.CaProductPriceTotalVerifyTest">
        <test-method is-config="true" signature="beforetest()[pri:0, instance:testCases.CaProductPriceTotalVerifyTest@258ee7de]" started-at="2023-10-28T17:52:41 BST" name="beforetest" finished-at="2023-10-28T17:52:49 BST" duration-ms="8497" status="PASS">
          <reporter-output>
          </reporter-output>
        </test-method> <!-- beforetest -->
        <test-method signature="Login()[pri:1, instance:testCases.CaProductPriceTotalVerifyTest@258ee7de]" started-at="2023-10-28T17:52:49 BST" name="Login" finished-at="2023-10-28T17:52:55 BST" duration-ms="6147" status="PASS">
          <reporter-output>
          </reporter-output>
        </test-method> <!-- Login -->
        <test-method signature="ProductTotalPriceVerification()[pri:1, instance:testCases.CaProductPriceTotalVerifyTest@258ee7de]" started-at="2023-10-28T17:52:56 BST" name="ProductTotalPriceVerification" finished-at="2023-10-28T17:53:12 BST" duration-ms="16397" status="PASS">
          <reporter-output>
          </reporter-output>
        </test-method> <!-- ProductTotalPriceVerification -->
      </class> <!-- testCases.CaProductPriceTotalVerifyTest -->
    </test> <!-- Default test -->
  </suite> <!-- Default suite -->
</testng-results>
